2023-06-27 13:13:18 [restartedMain] INFO  c.s.demo.DemoApplication - Starting DemoApplication using Java 18.0.2.1 on LAPTOP-DV4VCE2D with PID 56668 (D:\627\student_management_back_end-1\target\classes started by zy1024 in D:\627\student_management_back_end-1)
2023-06-27 13:13:18 [restartedMain] INFO  c.s.demo.DemoApplication - No active profile set, falling back to 1 default profile: "default"
2023-06-27 13:13:18 [restartedMain] INFO  o.s.b.d.e.DevToolsPropertyDefaultsPostProcessor - Devtools property defaults active! Set 'spring.devtools.add-properties' to 'false' to disable
2023-06-27 13:13:18 [restartedMain] INFO  o.s.b.d.e.DevToolsPropertyDefaultsPostProcessor - For additional web related logging consider setting the 'logging.level.web' property to 'DEBUG'
2023-06-27 13:13:21 [restartedMain] INFO  o.s.d.r.c.RepositoryConfigurationDelegate - Multiple Spring Data modules found, entering strict repository configuration mode
2023-06-27 13:13:21 [restartedMain] INFO  o.s.d.r.c.RepositoryConfigurationDelegate - Bootstrapping Spring Data Redis repositories in DEFAULT mode.
2023-06-27 13:13:22 [restartedMain] INFO  o.s.d.r.c.RepositoryConfigurationDelegate - Finished Spring Data repository scanning in 75 ms. Found 0 Redis repository interfaces.
2023-06-27 13:13:24 [restartedMain] INFO  o.s.b.w.e.tomcat.TomcatWebServer - Tomcat initialized with port(s): 18080 (http)
2023-06-27 13:13:24 [restartedMain] INFO  o.a.catalina.core.StandardService - Starting service [Tomcat]
2023-06-27 13:13:24 [restartedMain] INFO  o.a.catalina.core.StandardEngine - Starting Servlet engine: [Apache Tomcat/9.0.73]
2023-06-27 13:13:25 [restartedMain] INFO  o.a.c.c.C.[Tomcat].[localhost].[/] - Initializing Spring embedded WebApplicationContext
2023-06-27 13:13:25 [restartedMain] INFO  o.s.b.w.s.c.ServletWebServerApplicationContext - Root WebApplicationContext: initialization completed in 6628 ms
2023-06-27 13:13:26 [restartedMain] WARN  c.b.m.core.injector.AbstractMethod - [com.student_management.demo.mapper.mysql.personal.PersonalMapper.insert] Has been loaded by XML or SqlProvider or Mybatis's Annotation, so ignoring this injection for [class com.baomidou.mybatisplus.core.injector.methods.Insert]
2023-06-27 13:13:29 [restartedMain] INFO  o.s.s.web.DefaultSecurityFilterChain - Will secure any request with [org.springframework.security.web.session.DisableEncodeUrlFilter@42d5488e, org.springframework.security.web.context.request.async.WebAsyncManagerIntegrationFilter@47243214, org.springframework.security.web.context.SecurityContextPersistenceFilter@309300c0, org.springframework.security.web.header.HeaderWriterFilter@6927065a, org.springframework.web.filter.CorsFilter@12bb8179, org.springframework.security.web.authentication.logout.LogoutFilter@43558b41, com.student_management.demo.filter.JwtAuthenticationFilter@529ac153, org.springframework.security.web.savedrequest.RequestCacheAwareFilter@18db3ac9, org.springframework.security.web.servletapi.SecurityContextHolderAwareRequestFilter@5e71b332, org.springframework.security.web.authentication.AnonymousAuthenticationFilter@2747a6cf, org.springframework.security.web.session.SessionManagementFilter@2d59a2d2, org.springframework.security.web.access.ExceptionTranslationFilter@337f55a3, org.springframework.security.web.access.intercept.FilterSecurityInterceptor@3ab3e7da]
2023-06-27 13:13:29 [restartedMain] INFO  o.s.b.d.a.OptionalLiveReloadServer - LiveReload server is running on port 35729
2023-06-27 13:13:30 [restartedMain] INFO  o.s.b.w.e.tomcat.TomcatWebServer - Tomcat started on port(s): 18080 (http) with context path ''
2023-06-27 13:13:32 [restartedMain] INFO  c.s.demo.DemoApplication - Started DemoApplication in 15.224 seconds (JVM running for 18.263)
2023-06-27 13:17:33 [http-nio-18080-exec-1] INFO  o.a.c.c.C.[Tomcat].[localhost].[/] - Initializing Spring DispatcherServlet 'dispatcherServlet'
2023-06-27 13:17:33 [http-nio-18080-exec-1] INFO  o.s.web.servlet.DispatcherServlet - Initializing Servlet 'dispatcherServlet'
2023-06-27 13:17:33 [http-nio-18080-exec-1] INFO  o.s.web.servlet.DispatcherServlet - Completed initialization in 2 ms
2023-06-27 13:17:33 [http-nio-18080-exec-2] INFO  com.zaxxer.hikari.HikariDataSource - HikariPool-1 - Starting...
2023-06-27 13:17:35 [http-nio-18080-exec-2] INFO  com.zaxxer.hikari.HikariDataSource - HikariPool-1 - Start completed.
2023-06-27 14:44:56 [http-nio-18080-exec-4] WARN  com.zaxxer.hikari.pool.PoolBase - HikariPool-1 - Failed to validate connection com.mysql.cj.jdbc.ConnectionImpl@6ae592eb (No operations allowed after connection closed.). Possibly consider using a shorter maxLifetime value.
2023-06-27 14:45:01 [http-nio-18080-exec-4] WARN  com.zaxxer.hikari.pool.PoolBase - HikariPool-1 - Failed to validate connection com.mysql.cj.jdbc.ConnectionImpl@43709d99 (No operations allowed after connection closed.). Possibly consider using a shorter maxLifetime value.
2023-06-27 14:45:06 [http-nio-18080-exec-4] WARN  com.zaxxer.hikari.pool.PoolBase - HikariPool-1 - Failed to validate connection com.mysql.cj.jdbc.ConnectionImpl@10d73cce (No operations allowed after connection closed.). Possibly consider using a shorter maxLifetime value.
2023-06-27 14:45:11 [http-nio-18080-exec-4] WARN  com.zaxxer.hikari.pool.PoolBase - HikariPool-1 - Failed to validate connection com.mysql.cj.jdbc.ConnectionImpl@48e0c10 (No operations allowed after connection closed.). Possibly consider using a shorter maxLifetime value.
2023-06-27 14:45:16 [http-nio-18080-exec-4] WARN  com.zaxxer.hikari.pool.PoolBase - HikariPool-1 - Failed to validate connection com.mysql.cj.jdbc.ConnectionImpl@6acdb0a5 (No operations allowed after connection closed.). Possibly consider using a shorter maxLifetime value.
2023-06-27 14:45:21 [http-nio-18080-exec-4] WARN  com.zaxxer.hikari.pool.PoolBase - HikariPool-1 - Failed to validate connection com.mysql.cj.jdbc.ConnectionImpl@54c921b1 (No operations allowed after connection closed.). Possibly consider using a shorter maxLifetime value.
2023-06-27 14:45:39 [http-nio-18080-exec-6] WARN  com.zaxxer.hikari.pool.PoolBase - HikariPool-1 - Failed to validate connection com.mysql.cj.jdbc.ConnectionImpl@55cc90d8 (No operations allowed after connection closed.). Possibly consider using a shorter maxLifetime value.
2023-06-27 14:45:44 [http-nio-18080-exec-6] WARN  com.zaxxer.hikari.pool.PoolBase - HikariPool-1 - Failed to validate connection com.mysql.cj.jdbc.ConnectionImpl@3293af32 (No operations allowed after connection closed.). Possibly consider using a shorter maxLifetime value.
2023-06-27 14:45:49 [http-nio-18080-exec-6] WARN  com.zaxxer.hikari.pool.PoolBase - HikariPool-1 - Failed to validate connection com.mysql.cj.jdbc.ConnectionImpl@6bd140e8 (No operations allowed after connection closed.). Possibly consider using a shorter maxLifetime value.
2023-06-27 14:45:54 [http-nio-18080-exec-6] WARN  com.zaxxer.hikari.pool.PoolBase - HikariPool-1 - Failed to validate connection com.mysql.cj.jdbc.ConnectionImpl@6641eb42 (No operations allowed after connection closed.). Possibly consider using a shorter maxLifetime value.
2023-06-27 14:59:28 [http-nio-18080-exec-3] WARN  com.zaxxer.hikari.pool.PoolBase - HikariPool-1 - Failed to validate connection com.mysql.cj.jdbc.ConnectionImpl@a47dad0 (No operations allowed after connection closed.). Possibly consider using a shorter maxLifetime value.
2023-06-27 14:59:33 [http-nio-18080-exec-3] WARN  com.zaxxer.hikari.pool.PoolBase - HikariPool-1 - Failed to validate connection com.mysql.cj.jdbc.ConnectionImpl@f2ea95b (No operations allowed after connection closed.). Possibly consider using a shorter maxLifetime value.
2023-06-27 14:59:38 [http-nio-18080-exec-3] WARN  com.zaxxer.hikari.pool.PoolBase - HikariPool-1 - Failed to validate connection com.mysql.cj.jdbc.ConnectionImpl@73a9b89d (No operations allowed after connection closed.). Possibly consider using a shorter maxLifetime value.
2023-06-27 14:59:43 [http-nio-18080-exec-3] WARN  com.zaxxer.hikari.pool.PoolBase - HikariPool-1 - Failed to validate connection com.mysql.cj.jdbc.ConnectionImpl@5eafb751 (No operations allowed after connection closed.). Possibly consider using a shorter maxLifetime value.
2023-06-27 14:59:48 [http-nio-18080-exec-3] WARN  com.zaxxer.hikari.pool.PoolBase - HikariPool-1 - Failed to validate connection com.mysql.cj.jdbc.ConnectionImpl@1a6290f5 (No operations allowed after connection closed.). Possibly consider using a shorter maxLifetime value.
2023-06-27 14:59:53 [http-nio-18080-exec-3] WARN  com.zaxxer.hikari.pool.PoolBase - HikariPool-1 - Failed to validate connection com.mysql.cj.jdbc.ConnectionImpl@1d97241c (No operations allowed after connection closed.). Possibly consider using a shorter maxLifetime value.
2023-06-27 15:00:02 [http-nio-18080-exec-4] WARN  com.zaxxer.hikari.pool.PoolBase - HikariPool-1 - Failed to validate connection com.mysql.cj.jdbc.ConnectionImpl@7d9fae1f (No operations allowed after connection closed.). Possibly consider using a shorter maxLifetime value.
2023-06-27 15:00:07 [http-nio-18080-exec-4] WARN  com.zaxxer.hikari.pool.PoolBase - HikariPool-1 - Failed to validate connection com.mysql.cj.jdbc.ConnectionImpl@67fccb76 (No operations allowed after connection closed.). Possibly consider using a shorter maxLifetime value.
2023-06-27 15:00:12 [http-nio-18080-exec-4] WARN  com.zaxxer.hikari.pool.PoolBase - HikariPool-1 - Failed to validate connection com.mysql.cj.jdbc.ConnectionImpl@404af855 (No operations allowed after connection closed.). Possibly consider using a shorter maxLifetime value.
2023-06-27 15:00:17 [http-nio-18080-exec-4] WARN  com.zaxxer.hikari.pool.PoolBase - HikariPool-1 - Failed to validate connection com.mysql.cj.jdbc.ConnectionImpl@76c7b4b8 (No operations allowed after connection closed.). Possibly consider using a shorter maxLifetime value.
2023-06-27 15:36:57 [SpringApplicationShutdownHook] INFO  com.zaxxer.hikari.HikariDataSource - HikariPool-1 - Shutdown initiated...
2023-06-27 15:36:57 [SpringApplicationShutdownHook] INFO  com.zaxxer.hikari.HikariDataSource - HikariPool-1 - Shutdown completed.
2023-06-27 16:40:18 [restartedMain] INFO  c.s.demo.DemoApplication - Starting DemoApplication using Java 18.0.2.1 on LAPTOP-DV4VCE2D with PID 57208 (D:\627\student_management_back_end-1\target\classes started by zy1024 in D:\627\student_management_back_end-1)
2023-06-27 16:40:18 [restartedMain] INFO  c.s.demo.DemoApplication - No active profile set, falling back to 1 default profile: "default"
2023-06-27 16:40:18 [restartedMain] INFO  o.s.b.d.e.DevToolsPropertyDefaultsPostProcessor - Devtools property defaults active! Set 'spring.devtools.add-properties' to 'false' to disable
2023-06-27 16:40:18 [restartedMain] INFO  o.s.b.d.e.DevToolsPropertyDefaultsPostProcessor - For additional web related logging consider setting the 'logging.level.web' property to 'DEBUG'
2023-06-27 16:40:22 [restartedMain] INFO  o.s.d.r.c.RepositoryConfigurationDelegate - Multiple Spring Data modules found, entering strict repository configuration mode
2023-06-27 16:40:22 [restartedMain] INFO  o.s.d.r.c.RepositoryConfigurationDelegate - Bootstrapping Spring Data Redis repositories in DEFAULT mode.
2023-06-27 16:40:22 [restartedMain] INFO  o.s.d.r.c.RepositoryConfigurationDelegate - Finished Spring Data repository scanning in 65 ms. Found 0 Redis repository interfaces.
2023-06-27 16:40:26 [restartedMain] INFO  o.s.b.w.e.tomcat.TomcatWebServer - Tomcat initialized with port(s): 18080 (http)
2023-06-27 16:40:26 [restartedMain] INFO  o.a.catalina.core.StandardService - Starting service [Tomcat]
2023-06-27 16:40:26 [restartedMain] INFO  o.a.catalina.core.StandardEngine - Starting Servlet engine: [Apache Tomcat/9.0.73]
2023-06-27 16:40:27 [restartedMain] INFO  o.a.c.c.C.[Tomcat].[localhost].[/] - Initializing Spring embedded WebApplicationContext
2023-06-27 16:40:27 [restartedMain] INFO  o.s.b.w.s.c.ServletWebServerApplicationContext - Root WebApplicationContext: initialization completed in 8455 ms
2023-06-27 16:40:28 [restartedMain] WARN  c.b.m.core.injector.AbstractMethod - [com.student_management.demo.mapper.mysql.personal.PersonalMapper.insert] Has been loaded by XML or SqlProvider or Mybatis's Annotation, so ignoring this injection for [class com.baomidou.mybatisplus.core.injector.methods.Insert]
2023-06-27 16:40:30 [restartedMain] INFO  o.s.s.web.DefaultSecurityFilterChain - Will secure any request with [org.springframework.security.web.session.DisableEncodeUrlFilter@251f05f0, org.springframework.security.web.context.request.async.WebAsyncManagerIntegrationFilter@74c487c8, org.springframework.security.web.context.SecurityContextPersistenceFilter@45aafc37, org.springframework.security.web.header.HeaderWriterFilter@4cbe7d4, org.springframework.web.filter.CorsFilter@3b3abeeb, org.springframework.security.web.authentication.logout.LogoutFilter@4d4244a9, com.student_management.demo.filter.JwtAuthenticationFilter@42c195a6, org.springframework.security.web.savedrequest.RequestCacheAwareFilter@21781d6b, org.springframework.security.web.servletapi.SecurityContextHolderAwareRequestFilter@5dd09827, org.springframework.security.web.authentication.AnonymousAuthenticationFilter@716ac9aa, org.springframework.security.web.session.SessionManagementFilter@276b5156, org.springframework.security.web.access.ExceptionTranslationFilter@51cc296f, org.springframework.security.web.access.intercept.FilterSecurityInterceptor@4cf553ea]
2023-06-27 16:40:31 [restartedMain] INFO  o.s.b.d.a.OptionalLiveReloadServer - LiveReload server is running on port 35729
2023-06-27 16:40:32 [restartedMain] INFO  o.s.b.w.e.tomcat.TomcatWebServer - Tomcat started on port(s): 18080 (http) with context path ''
2023-06-27 16:40:34 [restartedMain] INFO  c.s.demo.DemoApplication - Started DemoApplication in 17.278 seconds (JVM running for 20.692)
2023-06-27 16:41:54 [http-nio-18080-exec-1] INFO  o.a.c.c.C.[Tomcat].[localhost].[/] - Initializing Spring DispatcherServlet 'dispatcherServlet'
2023-06-27 16:41:54 [http-nio-18080-exec-1] INFO  o.s.web.servlet.DispatcherServlet - Initializing Servlet 'dispatcherServlet'
2023-06-27 16:41:54 [http-nio-18080-exec-1] INFO  o.s.web.servlet.DispatcherServlet - Completed initialization in 46 ms
2023-06-27 16:42:07 [http-nio-18080-exec-5] INFO  com.zaxxer.hikari.HikariDataSource - HikariPool-1 - Starting...
2023-06-27 16:42:11 [http-nio-18080-exec-5] INFO  com.zaxxer.hikari.HikariDataSource - HikariPool-1 - Start completed.
2023-06-27 17:10:08 [http-nio-18080-exec-1] WARN  com.zaxxer.hikari.pool.PoolBase - HikariPool-1 - Failed to validate connection com.mysql.cj.jdbc.ConnectionImpl@5761c3fc (No operations allowed after connection closed.). Possibly consider using a shorter maxLifetime value.
2023-06-27 17:10:13 [http-nio-18080-exec-1] WARN  com.zaxxer.hikari.pool.PoolBase - HikariPool-1 - Failed to validate connection com.mysql.cj.jdbc.ConnectionImpl@7d7b39b1 (No operations allowed after connection closed.). Possibly consider using a shorter maxLifetime value.
2023-06-27 17:10:18 [http-nio-18080-exec-1] WARN  com.zaxxer.hikari.pool.PoolBase - HikariPool-1 - Failed to validate connection com.mysql.cj.jdbc.ConnectionImpl@245c6bc1 (No operations allowed after connection closed.). Possibly consider using a shorter maxLifetime value.
2023-06-27 17:10:23 [http-nio-18080-exec-1] WARN  com.zaxxer.hikari.pool.PoolBase - HikariPool-1 - Failed to validate connection com.mysql.cj.jdbc.ConnectionImpl@6d64603d (No operations allowed after connection closed.). Possibly consider using a shorter maxLifetime value.
2023-06-27 17:10:28 [http-nio-18080-exec-1] WARN  com.zaxxer.hikari.pool.PoolBase - HikariPool-1 - Failed to validate connection com.mysql.cj.jdbc.ConnectionImpl@33d2090b (No operations allowed after connection closed.). Possibly consider using a shorter maxLifetime value.
2023-06-27 17:10:33 [http-nio-18080-exec-1] WARN  com.zaxxer.hikari.pool.PoolBase - HikariPool-1 - Failed to validate connection com.mysql.cj.jdbc.ConnectionImpl@3abc9de4 (No operations allowed after connection closed.). Possibly consider using a shorter maxLifetime value.
2023-06-27 17:10:57 [http-nio-18080-exec-3] WARN  com.zaxxer.hikari.pool.PoolBase - HikariPool-1 - Failed to validate connection com.mysql.cj.jdbc.ConnectionImpl@731579d8 (No operations allowed after connection closed.). Possibly consider using a shorter maxLifetime value.
2023-06-27 17:11:02 [http-nio-18080-exec-3] WARN  com.zaxxer.hikari.pool.PoolBase - HikariPool-1 - Failed to validate connection com.mysql.cj.jdbc.ConnectionImpl@3630fd3d (No operations allowed after connection closed.). Possibly consider using a shorter maxLifetime value.
2023-06-27 17:11:07 [http-nio-18080-exec-3] WARN  com.zaxxer.hikari.pool.PoolBase - HikariPool-1 - Failed to validate connection com.mysql.cj.jdbc.ConnectionImpl@2f7843e (No operations allowed after connection closed.). Possibly consider using a shorter maxLifetime value.
2023-06-27 17:11:12 [http-nio-18080-exec-3] WARN  com.zaxxer.hikari.pool.PoolBase - HikariPool-1 - Failed to validate connection com.mysql.cj.jdbc.ConnectionImpl@37867a66 (No operations allowed after connection closed.). Possibly consider using a shorter maxLifetime value.
2023-06-27 17:39:48 [http-nio-18080-exec-10] WARN  com.zaxxer.hikari.pool.PoolBase - HikariPool-1 - Failed to validate connection com.mysql.cj.jdbc.ConnectionImpl@3f74bde2 (No operations allowed after connection closed.). Possibly consider using a shorter maxLifetime value.
2023-06-27 17:39:53 [http-nio-18080-exec-10] WARN  com.zaxxer.hikari.pool.PoolBase - HikariPool-1 - Failed to validate connection com.mysql.cj.jdbc.ConnectionImpl@179ec6e1 (No operations allowed after connection closed.). Possibly consider using a shorter maxLifetime value.
2023-06-27 17:39:58 [http-nio-18080-exec-10] WARN  com.zaxxer.hikari.pool.PoolBase - HikariPool-1 - Failed to validate connection com.mysql.cj.jdbc.ConnectionImpl@345bf117 (No operations allowed after connection closed.). Possibly consider using a shorter maxLifetime value.
2023-06-27 17:40:03 [http-nio-18080-exec-10] WARN  com.zaxxer.hikari.pool.PoolBase - HikariPool-1 - Failed to validate connection com.mysql.cj.jdbc.ConnectionImpl@4bba0df5 (No operations allowed after connection closed.). Possibly consider using a shorter maxLifetime value.
2023-06-27 17:40:08 [http-nio-18080-exec-1] WARN  com.zaxxer.hikari.pool.PoolBase - HikariPool-1 - Failed to validate connection com.mysql.cj.jdbc.ConnectionImpl@7e013cc0 (No operations allowed after connection closed.). Possibly consider using a shorter maxLifetime value.
2023-06-27 17:40:08 [http-nio-18080-exec-6] WARN  com.zaxxer.hikari.pool.PoolBase - HikariPool-1 - Failed to validate connection com.mysql.cj.jdbc.ConnectionImpl@657d9584 (No operations allowed after connection closed.). Possibly consider using a shorter maxLifetime value.
2023-06-27 17:40:08 [http-nio-18080-exec-5] WARN  com.zaxxer.hikari.pool.PoolBase - HikariPool-1 - Failed to validate connection com.mysql.cj.jdbc.ConnectionImpl@438b5f82 (No operations allowed after connection closed.). Possibly consider using a shorter maxLifetime value.
2023-06-27 17:40:08 [http-nio-18080-exec-4] WARN  com.zaxxer.hikari.pool.PoolBase - HikariPool-1 - Failed to validate connection com.mysql.cj.jdbc.ConnectionImpl@699a32bd (No operations allowed after connection closed.). Possibly consider using a shorter maxLifetime value.
